<?xml version="1.0" encoding="UTF-8"?>
<!-- Generated by org.testng.reporters.JUnitReportReporter -->
<testsuite hostname="karishma" failures="0" tests="1" name="testcases.QueueTest" time="5.510" errors="0" timestamp="2025-04-07T12:26:37 EDT" skipped="0">
  <testcase classname="testcases.QueueTest" name="testQueueLaunchPage" time="5.510"/>
  <system-out/>
</testsuite> <!-- testcases.QueueTest -->
